<?xml version="1.0" encoding="UTF-8"?>
<testng-results skipped="0" failed="1" ignored="0" total="3" passed="2">
  <reporter-output>
  </reporter-output>
  <suite name="Default suite" duration-ms="109" started-at="2021-05-05T09:39:37Z" finished-at="2021-05-05T09:39:37Z">
    <groups>
    </groups>
    <test name="Default test" duration-ms="109" started-at="2021-05-05T09:39:37Z" finished-at="2021-05-05T09:39:37Z">
      <class name="Testcases_NG.begining">
        <test-method status="PASS" signature="search(org.testng.ITestContext)[pri:1, instance:Testcases_NG.begining@643b1d11]" name="search" duration-ms="16" started-at="2021-05-05T09:39:37Z" finished-at="2021-05-05T09:39:37Z">
          <params>
            <param index="0">
              <value>
                <![CDATA[org.testng.TestRunner@60c6f5b]]>
              </value>
            </param>
          </params>
          <reporter-output>
          </reporter-output>
        </test-method> <!-- search -->
        <test-method status="PASS" signature="phone(org.testng.ITestContext)[pri:2, instance:Testcases_NG.begining@643b1d11]" name="phone" duration-ms="16" started-at="2021-05-05T09:39:37Z" depends-on-methods="Testcases_NG.begining.search" finished-at="2021-05-05T09:39:37Z">
          <params>
            <param index="0">
              <value>
                <![CDATA[org.testng.TestRunner@60c6f5b]]>
              </value>
            </param>
          </params>
          <reporter-output>
          </reporter-output>
        </test-method> <!-- phone -->
        <test-method status="FAIL" signature="dologin()[pri:3, instance:Testcases_NG.begining@643b1d11]" name="dologin" duration-ms="15" started-at="2021-05-05T09:39:37Z" depends-on-methods="Testcases_NG.begining.phone" finished-at="2021-05-05T09:39:37Z">
          <exception class="java.lang.AssertionError">
            <message>
              <![CDATA[The following asserts failed:
expected [XYZ] but found [ABC],
error expected [true] but found [false]]]>
            </message>
            <full-stacktrace>
              <![CDATA[java.lang.AssertionError: The following asserts failed:
expected [XYZ] but found [ABC],
error expected [true] but found [false]
at org.testng.asserts.SoftAssert.assertAll(SoftAssert.java:43)
at Testcases_NG.begining.dologin(begining.java:38)
at sun.reflect.NativeMethodAccessorImpl.invoke0(Native Method)
at sun.reflect.NativeMethodAccessorImpl.invoke(NativeMethodAccessorImpl.java:62)
at sun.reflect.DelegatingMethodAccessorImpl.invoke(DelegatingMethodAccessorImpl.java:43)
at java.lang.reflect.Method.invoke(Method.java:498)
at org.testng.internal.MethodInvocationHelper.invokeMethod(MethodInvocationHelper.java:124)
at org.testng.internal.Invoker.invokeMethod(Invoker.java:583)
at org.testng.internal.Invoker.invokeTestMethod(Invoker.java:719)
at org.testng.internal.Invoker.invokeTestMethods(Invoker.java:989)
at org.testng.internal.TestMethodWorker.invokeTestMethods(TestMethodWorker.java:125)
at org.testng.internal.TestMethodWorker.run(TestMethodWorker.java:109)
at org.testng.TestRunner.privateRun(TestRunner.java:648)
at org.testng.TestRunner.run(TestRunner.java:505)
at org.testng.SuiteRunner.runTest(SuiteRunner.java:455)
at org.testng.SuiteRunner.runSequentially(SuiteRunner.java:450)
at org.testng.SuiteRunner.privateRun(SuiteRunner.java:415)
at org.testng.SuiteRunner.run(SuiteRunner.java:364)
at org.testng.SuiteRunnerWorker.runSuite(SuiteRunnerWorker.java:52)
at org.testng.SuiteRunnerWorker.run(SuiteRunnerWorker.java:84)
at org.testng.TestNG.runSuitesSequentially(TestNG.java:1208)
at org.testng.TestNG.runSuitesLocally(TestNG.java:1137)
at org.testng.TestNG.runSuites(TestNG.java:1049)
at org.testng.TestNG.run(TestNG.java:1017)
at org.testng.remote.AbstractRemoteTestNG.run(AbstractRemoteTestNG.java:114)
at org.testng.remote.RemoteTestNG.initAndRun(RemoteTestNG.java:251)
at org.testng.remote.RemoteTestNG.main(RemoteTestNG.java:77)
]]>
            </full-stacktrace>
          </exception> <!-- java.lang.AssertionError -->
          <reporter-output>
          </reporter-output>
        </test-method> <!-- dologin -->
      </class> <!-- Testcases_NG.begining -->
    </test> <!-- Default test -->
  </suite> <!-- Default suite -->
</testng-results>
