<?xml version="1.0" encoding="UTF-8"?>
<!-- Generated by org.testng.reporters.JUnitXMLReporter -->
<testsuite hostname="DESKTOP-50659SL" ignored="7" name="Add New Stock Test" tests="5" failures="2" timestamp="06 Apr 2021 06:43:59 GMT" time="68.018" errors="0">
  <testcase name="dologin" time="37.147" classname="testcase.radiff.session"/>
  <testcase name="select_portfolio" time="7.135" classname="testcase.radiff.portfolio_mgmt"/>
  <testcase name="verify_stockPresent" time="0.319" classname="testcase.radiff.Stock_mgmt"/>
  <testcase name="verifyStock_quantity" time="0.209" classname="testcase.radiff.Stock_mgmt">
    <failure type="java.lang.NullPointerException">
      <![CDATA[java.lang.NullPointerException
at testcase.radiff.Stock_mgmt.verifyStock_quantity(Stock_mgmt.java:101)
... Removed 25 stack frames]]>
    </failure>
  </testcase> <!-- verifyStock_quantity -->
  <testcase name="verifyTransactionHistory" time="0.582" classname="testcase.radiff.Stock_mgmt">
    <failure type="org.openqa.selenium.InvalidSelectorException" message="invalid selector: An invalid or illegal selector was specified
  (Session info: MicrosoftEdge=89.0.774.68)
For documentation on this error, please visit: https://selenium.dev/exceptions/#invalid_selector_exception
Build info: version: &amp;apos;4.0.0-alpha-6&amp;apos;, revision: &amp;apos;5f43a29cfc&amp;apos;
System info: host: &amp;apos;DESKTOP-50659SL&amp;apos;, ip: &amp;apos;192.168.1.10&amp;apos;, os.name: &amp;apos;Windows 10&amp;apos;, os.arch: &amp;apos;amd64&amp;apos;, os.version: &amp;apos;10.0&amp;apos;, java.version: &amp;apos;1.8.0_271&amp;apos;
Driver info: org.openqa.selenium.edge.EdgeDriver
Capabilities {acceptInsecureCerts: false, browserName: msedge, browserVersion: 89.0.774.68, javascriptEnabled: true, ms:edgeOptions: {debuggerAddress: localhost:61156}, msedge: {msedgedriverVersion: 88.0.705.63 (8c4f595b655cf8..., userDataDir: C:\Users\Mallika\AppData\Lo...}, networkConnectionEnabled: false, pageLoadStrategy: normal, platform: WINDOWS, platformName: WINDOWS, proxy: Proxy(), setWindowRect: true, strictFileInteractability: false, timeouts: {implicit: 0, pageLoad: 300000, script: 30000}, unhandledPromptBehavior: dismiss and notify, webauthn:extension:largeBlob: true, webauthn:virtualAuthenticators: true}
Session ID: 79a04faa7b5c91e5794318b448fcabfe
*** Element info: {Using=css selector, value=table#stock&amp;gt;tbody&amp;gt;tr:nth-child(&amp;apos;1&amp;apos;)&amp;gt;td:nth-child(1)}">
      <![CDATA[org.openqa.selenium.InvalidSelectorException: invalid selector: An invalid or illegal selector was specified
  (Session info: MicrosoftEdge=89.0.774.68)
For documentation on this error, please visit: https://selenium.dev/exceptions/#invalid_selector_exception
Build info: version: '4.0.0-alpha-6', revision: '5f43a29cfc'
System info: host: 'DESKTOP-50659SL', ip: '192.168.1.10', os.name: 'Windows 10', os.arch: 'amd64', os.version: '10.0', java.version: '1.8.0_271'
Driver info: org.openqa.selenium.edge.EdgeDriver
Capabilities {acceptInsecureCerts: false, browserName: msedge, browserVersion: 89.0.774.68, javascriptEnabled: true, ms:edgeOptions: {debuggerAddress: localhost:61156}, msedge: {msedgedriverVersion: 88.0.705.63 (8c4f595b655cf8..., userDataDir: C:\Users\Mallika\AppData\Lo...}, networkConnectionEnabled: false, pageLoadStrategy: normal, platform: WINDOWS, platformName: WINDOWS, proxy: Proxy(), setWindowRect: true, strictFileInteractability: false, timeouts: {implicit: 0, pageLoad: 300000, script: 30000}, unhandledPromptBehavior: dismiss and notify, webauthn:extension:largeBlob: true, webauthn:virtualAuthenticators: true}
Session ID: 79a04faa7b5c91e5794318b448fcabfe
*** Element info: {Using=css selector, value=table#stock>tbody>tr:nth-child('1')>td:nth-child(1)}
at org.openqa.selenium.remote.codec.w3c.W3CHttpResponseCodec.createException(W3CHttpResponseCodec.java:196)
at org.openqa.selenium.remote.codec.w3c.W3CHttpResponseCodec.decode(W3CHttpResponseCodec.java:129)
at org.openqa.selenium.remote.codec.w3c.W3CHttpResponseCodec.decode(W3CHttpResponseCodec.java:53)
at org.openqa.selenium.remote.HttpCommandExecutor.execute(HttpCommandExecutor.java:160)
at org.openqa.selenium.remote.service.DriverCommandExecutor.execute(DriverCommandExecutor.java:83)
at org.openqa.selenium.remote.RemoteWebDriver.execute(RemoteWebDriver.java:582)
at org.openqa.selenium.remote.RemoteWebDriver.findElement(RemoteWebDriver.java:333)
at org.openqa.selenium.remote.RemoteWebDriver.findElementByCssSelector(RemoteWebDriver.java:441)
at org.openqa.selenium.By$ByCssSelector.findElement(By.java:494)
at org.openqa.selenium.remote.RemoteWebDriver.findElement(RemoteWebDriver.java:325)
at Keywords.Application_key.GotoTransactionHistory(Application_key.java:166)
at testcase.radiff.Stock_mgmt.verifyTransactionHistory(Stock_mgmt.java:130)
... Removed 29 stack frames]]>
    </failure>
  </testcase> <!-- verifyTransactionHistory -->
  <testcase name="create_portfolio" time="0.0" classname="testcase.radiff.portfolio_mgmt">
    <ignored/>
  </testcase> <!-- create_portfolio -->
  <testcase name="add_FreshStock" time="0.0" classname="testcase.radiff.Stock_mgmt">
    <ignored/>
  </testcase> <!-- add_FreshStock -->
  <testcase name="@BeforeTest beforeTest" time="0.0" classname="Basetest.basetestcase">
    <ignored/>
  </testcase> <!-- @BeforeTest beforeTest -->
  <testcase name="@BeforeTest beforeTest" time="0.0" classname="Basetest.basetestcase">
    <ignored/>
  </testcase> <!-- @BeforeTest beforeTest -->
  <testcase name="Delete_portfolio" time="0.0" classname="testcase.radiff.portfolio_mgmt">
    <ignored/>
  </testcase> <!-- Delete_portfolio -->
  <testcase name="@AfterTest quit" time="0.0" classname="Basetest.basetestcase">
    <ignored/>
  </testcase> <!-- @AfterTest quit -->
  <testcase name="@AfterTest quit" time="0.0" classname="Basetest.basetestcase">
    <ignored/>
  </testcase> <!-- @AfterTest quit -->
</testsuite> <!-- Add New Stock Test -->
