<?xml version="1.0" encoding="UTF-8"?>
<testng-results skipped="0" failed="2" ignored="0" total="9" passed="7">
  <reporter-output>
  </reporter-output>
  <suite name="Suite" duration-ms="0" started-at="2021-02-08T11:58:26Z" finished-at="2021-02-08T11:58:26Z">
    <groups>
    </groups>
  </suite> <!-- Suite -->
  <suite name="Suite B" duration-ms="6152" started-at="2021-02-08T11:58:15Z" finished-at="2021-02-08T11:58:21Z">
    <groups>
      <group name="browsergroup1">
        <method signature="TestB.testB(java.lang.String, java.lang.String, java.lang.String)[pri:0, instance:suiteb.TestB@2b9627bc]" name="testB" class="suiteb.TestB"/>
      </group> <!-- browsergroup1 -->
      <group name="browsergroup2">
        <method signature="TestBB.testBB()[pri:0, instance:suiteb.TestBB@5bc79255]" name="testBB" class="suiteb.TestBB"/>
      </group> <!-- browsergroup2 -->
      <group name="smoke">
        <method signature="TestB.testB(java.lang.String, java.lang.String, java.lang.String)[pri:0, instance:suiteb.TestB@2b9627bc]" name="testB" class="suiteb.TestB"/>
        <method signature="TestBB.testBB()[pri:0, instance:suiteb.TestBB@5bc79255]" name="testBB" class="suiteb.TestBB"/>
      </group> <!-- smoke -->
      <group name="sanity">
        <method signature="TestBB.testBB()[pri:0, instance:suiteb.TestBB@5bc79255]" name="testBB" class="suiteb.TestBB"/>
      </group> <!-- sanity -->
    </groups>
    <test name="Test B" duration-ms="4083" started-at="2021-02-08T11:58:15Z" finished-at="2021-02-08T11:58:19Z">
      <class name="suiteb.TestB">
        <test-method status="PASS" signature="init(org.testng.ITestContext, org.testng.ITestResult)[pri:0, instance:suiteb.TestB@2b9627bc]" name="init" is-config="true" duration-ms="1" started-at="2021-02-08T11:58:15Z" finished-at="2021-02-08T11:58:15Z">
          <params>
            <param index="0">
              <value>
                <![CDATA[org.testng.TestRunner@437da279]]>
              </value>
            </param>
            <param index="1">
              <value>
                <![CDATA[[TestResult name=testB status=SUCCESS method=TestB.testB(java.lang.String, java.lang.String, java.lang.String)[pri:0, instance:suiteb.TestB@2b9627bc] output={null}]]]>
              </value>
            </param>
          </params>
          <reporter-output>
          </reporter-output>
        </test-method> <!-- init -->
        <test-method status="PASS" signature="testB(java.lang.String, java.lang.String, java.lang.String)[pri:0, instance:suiteb.TestB@2b9627bc]" name="testB" duration-ms="2004" started-at="2021-02-08T11:58:15Z" data-provider="dataSuitB" finished-at="2021-02-08T11:58:17Z">
          <params>
            <param index="0">
              <value>
                <![CDATA[mozilla]]>
              </value>
            </param>
            <param index="1">
              <value>
                <![CDATA[userName_B]]>
              </value>
            </param>
            <param index="2">
              <value>
                <![CDATA[password_B]]>
              </value>
            </param>
          </params>
          <reporter-output>
          </reporter-output>
        </test-method> <!-- testB -->
        <test-method status="PASS" signature="quit()[pri:0, instance:suiteb.TestB@2b9627bc]" name="quit" is-config="true" duration-ms="34" started-at="2021-02-08T11:58:17Z" finished-at="2021-02-08T11:58:17Z">
          <reporter-output>
          </reporter-output>
        </test-method> <!-- quit -->
        <test-method status="PASS" signature="init(org.testng.ITestContext, org.testng.ITestResult)[pri:0, instance:suiteb.TestB@2b9627bc]" name="init" is-config="true" duration-ms="1" started-at="2021-02-08T11:58:17Z" finished-at="2021-02-08T11:58:17Z">
          <params>
            <param index="0">
              <value>
                <![CDATA[org.testng.TestRunner@437da279]]>
              </value>
            </param>
            <param index="1">
              <value>
                <![CDATA[[TestResult name=testB status=SUCCESS method=TestB.testB(java.lang.String, java.lang.String, java.lang.String)[pri:0, instance:suiteb.TestB@2b9627bc] output={null}]]]>
              </value>
            </param>
          </params>
          <reporter-output>
          </reporter-output>
        </test-method> <!-- init -->
        <test-method status="PASS" signature="testB(java.lang.String, java.lang.String, java.lang.String)[pri:0, instance:suiteb.TestB@2b9627bc]" name="testB" duration-ms="2004" started-at="2021-02-08T11:58:17Z" data-provider="dataSuitB" finished-at="2021-02-08T11:58:19Z">
          <params>
            <param index="0">
              <value is-null="true"/>
            </param>
            <param index="1">
              <value>
                <![CDATA[Mallika_B]]>
              </value>
            </param>
            <param index="2">
              <value>
                <![CDATA[Milly123_B]]>
              </value>
            </param>
          </params>
          <reporter-output>
          </reporter-output>
        </test-method> <!-- testB -->
        <test-method status="PASS" signature="quit()[pri:0, instance:suiteb.TestB@2b9627bc]" name="quit" is-config="true" duration-ms="22" started-at="2021-02-08T11:58:19Z" finished-at="2021-02-08T11:58:19Z">
          <reporter-output>
          </reporter-output>
        </test-method> <!-- quit -->
      </class> <!-- suiteb.TestB -->
    </test> <!-- Test B -->
    <test name="Test BB" duration-ms="2048" started-at="2021-02-08T11:58:19Z" finished-at="2021-02-08T11:58:21Z">
      <class name="suiteb.TestBB">
        <test-method status="PASS" signature="testBB()[pri:0, instance:suiteb.TestBB@5bc79255]" name="testBB" duration-ms="2003" started-at="2021-02-08T11:58:19Z" finished-at="2021-02-08T11:58:21Z">
          <reporter-output>
          </reporter-output>
        </test-method> <!-- testBB -->
        <test-method status="PASS" signature="init(org.testng.ITestContext, org.testng.ITestResult)[pri:0, instance:suiteb.TestBB@5bc79255]" name="init" is-config="true" duration-ms="0" started-at="2021-02-08T11:58:19Z" finished-at="2021-02-08T11:58:19Z">
          <params>
            <param index="0">
              <value>
                <![CDATA[org.testng.TestRunner@23c30a20]]>
              </value>
            </param>
            <param index="1">
              <value>
                <![CDATA[[TestResult name=testBB status=SUCCESS method=TestBB.testBB()[pri:0, instance:suiteb.TestBB@5bc79255] output={null}]]]>
              </value>
            </param>
          </params>
          <reporter-output>
          </reporter-output>
        </test-method> <!-- init -->
        <test-method status="PASS" signature="quit()[pri:0, instance:suiteb.TestBB@5bc79255]" name="quit" is-config="true" duration-ms="39" started-at="2021-02-08T11:58:21Z" finished-at="2021-02-08T11:58:21Z">
          <reporter-output>
          </reporter-output>
        </test-method> <!-- quit -->
      </class> <!-- suiteb.TestBB -->
    </test> <!-- Test BB -->
  </suite> <!-- Suite B -->
  <suite name="Suite (0)" duration-ms="9077" started-at="2021-02-08T11:58:06Z" finished-at="2021-02-08T11:58:15Z">
    <groups>
      <group name="browsergroup1">
        <method signature="TestA.testA(java.lang.String, java.lang.String, java.lang.String)[pri:0, instance:suitea.TestA@4e1d422d]" name="testA" class="suitea.TestA"/>
      </group> <!-- browsergroup1 -->
      <group name="browsergroup2">
        <method signature="TestAA.testAA(java.lang.String, java.lang.String, java.lang.String)[pri:0, instance:suitea.TestAA@369f73a2]" name="testAA" class="suitea.TestAA"/>
      </group> <!-- browsergroup2 -->
      <group name="smoke">
        <method signature="TestA.testA(java.lang.String, java.lang.String, java.lang.String)[pri:0, instance:suitea.TestA@4e1d422d]" name="testA" class="suitea.TestA"/>
        <method signature="TestAA.testAA(java.lang.String, java.lang.String, java.lang.String)[pri:0, instance:suitea.TestAA@369f73a2]" name="testAA" class="suitea.TestAA"/>
      </group> <!-- smoke -->
      <group name="sanity">
        <method signature="TestAA.testAA(java.lang.String, java.lang.String, java.lang.String)[pri:0, instance:suitea.TestAA@369f73a2]" name="testAA" class="suitea.TestAA"/>
      </group> <!-- sanity -->
    </groups>
    <test name="Test A" duration-ms="4889" started-at="2021-02-08T11:58:06Z" finished-at="2021-02-08T11:58:11Z">
      <class name="suitea.TestA">
        <test-method status="PASS" signature="init(org.testng.ITestContext, org.testng.ITestResult)[pri:0, instance:suitea.TestA@4e1d422d]" name="init" is-config="true" duration-ms="284" started-at="2021-02-08T11:58:06Z" finished-at="2021-02-08T11:58:06Z">
          <params>
            <param index="0">
              <value>
                <![CDATA[org.testng.TestRunner@1e1a0406]]>
              </value>
            </param>
            <param index="1">
              <value>
                <![CDATA[[TestResult name=testA status=FAILURE method=TestA.testA(java.lang.String, java.lang.String, java.lang.String)[pri:0, instance:suitea.TestA@4e1d422d] output={null}]]]>
              </value>
            </param>
          </params>
          <reporter-output>
          </reporter-output>
        </test-method> <!-- init -->
        <test-method status="FAIL" signature="testA(java.lang.String, java.lang.String, java.lang.String)[pri:0, instance:suitea.TestA@4e1d422d]" name="testA" duration-ms="2020" started-at="2021-02-08T11:58:06Z" data-provider="dataSuitA" finished-at="2021-02-08T11:58:08Z">
          <params>
            <param index="0">
              <value>
                <![CDATA[chrome]]>
              </value>
            </param>
            <param index="1">
              <value>
                <![CDATA[userName]]>
              </value>
            </param>
            <param index="2">
              <value>
                <![CDATA[password]]>
              </value>
            </param>
          </params>
          <exception class="java.lang.AssertionError">
            <message>
              <![CDATA[The following asserts failed:
do not match]]>
            </message>
            <full-stacktrace>
              <![CDATA[java.lang.AssertionError: The following asserts failed:
do not match
at org.testng.asserts.SoftAssert.assertAll(SoftAssert.java:43)
at suitea.TestA.testA(TestA.java:32)
at sun.reflect.NativeMethodAccessorImpl.invoke0(Native Method)
at sun.reflect.NativeMethodAccessorImpl.invoke(NativeMethodAccessorImpl.java:62)
at sun.reflect.DelegatingMethodAccessorImpl.invoke(DelegatingMethodAccessorImpl.java:43)
at java.lang.reflect.Method.invoke(Method.java:498)
at org.testng.internal.MethodInvocationHelper.invokeMethod(MethodInvocationHelper.java:124)
at org.testng.internal.Invoker.invokeMethod(Invoker.java:583)
at org.testng.internal.Invoker.invokeTestMethod(Invoker.java:719)
at org.testng.internal.Invoker.invokeTestMethods(Invoker.java:989)
at org.testng.internal.TestMethodWorker.invokeTestMethods(TestMethodWorker.java:125)
at org.testng.internal.TestMethodWorker.run(TestMethodWorker.java:109)
at org.testng.TestRunner.privateRun(TestRunner.java:648)
at org.testng.TestRunner.run(TestRunner.java:505)
at org.testng.SuiteRunner.runTest(SuiteRunner.java:455)
at org.testng.SuiteRunner.runSequentially(SuiteRunner.java:450)
at org.testng.SuiteRunner.privateRun(SuiteRunner.java:415)
at org.testng.SuiteRunner.run(SuiteRunner.java:364)
at org.testng.SuiteRunnerWorker.runSuite(SuiteRunnerWorker.java:52)
at org.testng.SuiteRunnerWorker.run(SuiteRunnerWorker.java:84)
at org.testng.TestNG.runSuitesSequentially(TestNG.java:1208)
at org.testng.TestNG.runSuitesSequentially(TestNG.java:1204)
at org.testng.TestNG.runSuitesLocally(TestNG.java:1137)
at org.testng.TestNG.runSuites(TestNG.java:1049)
at org.testng.TestNG.run(TestNG.java:1017)
at org.testng.remote.AbstractRemoteTestNG.run(AbstractRemoteTestNG.java:114)
at org.testng.remote.RemoteTestNG.initAndRun(RemoteTestNG.java:251)
at org.testng.remote.RemoteTestNG.main(RemoteTestNG.java:77)
]]>
            </full-stacktrace>
          </exception> <!-- java.lang.AssertionError -->
          <reporter-output>
          </reporter-output>
        </test-method> <!-- testA -->
        <test-method status="PASS" signature="quit()[pri:0, instance:suitea.TestA@4e1d422d]" name="quit" is-config="true" duration-ms="465" started-at="2021-02-08T11:58:08Z" finished-at="2021-02-08T11:58:09Z">
          <reporter-output>
          </reporter-output>
        </test-method> <!-- quit -->
        <test-method status="PASS" signature="init(org.testng.ITestContext, org.testng.ITestResult)[pri:0, instance:suitea.TestA@4e1d422d]" name="init" is-config="true" duration-ms="1" started-at="2021-02-08T11:58:09Z" finished-at="2021-02-08T11:58:09Z">
          <params>
            <param index="0">
              <value>
                <![CDATA[org.testng.TestRunner@1e1a0406]]>
              </value>
            </param>
            <param index="1">
              <value>
                <![CDATA[[TestResult name=testA status=FAILURE method=TestA.testA(java.lang.String, java.lang.String, java.lang.String)[pri:0, instance:suitea.TestA@4e1d422d] output={null}]]]>
              </value>
            </param>
          </params>
          <reporter-output>
          </reporter-output>
        </test-method> <!-- init -->
        <test-method status="FAIL" signature="testA(java.lang.String, java.lang.String, java.lang.String)[pri:0, instance:suitea.TestA@4e1d422d]" name="testA" duration-ms="2005" started-at="2021-02-08T11:58:09Z" data-provider="dataSuitA" finished-at="2021-02-08T11:58:11Z">
          <params>
            <param index="0">
              <value>
                <![CDATA[mozilla]]>
              </value>
            </param>
            <param index="1">
              <value>
                <![CDATA[Mallika]]>
              </value>
            </param>
            <param index="2">
              <value>
                <![CDATA[Milly123]]>
              </value>
            </param>
          </params>
          <exception class="java.lang.AssertionError">
            <message>
              <![CDATA[The following asserts failed:
do not match]]>
            </message>
            <full-stacktrace>
              <![CDATA[java.lang.AssertionError: The following asserts failed:
do not match
at org.testng.asserts.SoftAssert.assertAll(SoftAssert.java:43)
at suitea.TestA.testA(TestA.java:32)
at sun.reflect.NativeMethodAccessorImpl.invoke0(Native Method)
at sun.reflect.NativeMethodAccessorImpl.invoke(NativeMethodAccessorImpl.java:62)
at sun.reflect.DelegatingMethodAccessorImpl.invoke(DelegatingMethodAccessorImpl.java:43)
at java.lang.reflect.Method.invoke(Method.java:498)
at org.testng.internal.MethodInvocationHelper.invokeMethod(MethodInvocationHelper.java:124)
at org.testng.internal.Invoker.invokeMethod(Invoker.java:583)
at org.testng.internal.Invoker.invokeTestMethod(Invoker.java:719)
at org.testng.internal.Invoker.invokeTestMethods(Invoker.java:989)
at org.testng.internal.TestMethodWorker.invokeTestMethods(TestMethodWorker.java:125)
at org.testng.internal.TestMethodWorker.run(TestMethodWorker.java:109)
at org.testng.TestRunner.privateRun(TestRunner.java:648)
at org.testng.TestRunner.run(TestRunner.java:505)
at org.testng.SuiteRunner.runTest(SuiteRunner.java:455)
at org.testng.SuiteRunner.runSequentially(SuiteRunner.java:450)
at org.testng.SuiteRunner.privateRun(SuiteRunner.java:415)
at org.testng.SuiteRunner.run(SuiteRunner.java:364)
at org.testng.SuiteRunnerWorker.runSuite(SuiteRunnerWorker.java:52)
at org.testng.SuiteRunnerWorker.run(SuiteRunnerWorker.java:84)
at org.testng.TestNG.runSuitesSequentially(TestNG.java:1208)
at org.testng.TestNG.runSuitesSequentially(TestNG.java:1204)
at org.testng.TestNG.runSuitesLocally(TestNG.java:1137)
at org.testng.TestNG.runSuites(TestNG.java:1049)
at org.testng.TestNG.run(TestNG.java:1017)
at org.testng.remote.AbstractRemoteTestNG.run(AbstractRemoteTestNG.java:114)
at org.testng.remote.RemoteTestNG.initAndRun(RemoteTestNG.java:251)
at org.testng.remote.RemoteTestNG.main(RemoteTestNG.java:77)
]]>
            </full-stacktrace>
          </exception> <!-- java.lang.AssertionError -->
          <reporter-output>
          </reporter-output>
        </test-method> <!-- testA -->
        <test-method status="PASS" signature="quit()[pri:0, instance:suitea.TestA@4e1d422d]" name="quit" is-config="true" duration-ms="37" started-at="2021-02-08T11:58:11Z" finished-at="2021-02-08T11:58:11Z">
          <reporter-output>
          </reporter-output>
        </test-method> <!-- quit -->
      </class> <!-- suitea.TestA -->
    </test> <!-- Test A -->
    <test name="Test AA" duration-ms="4126" started-at="2021-02-08T11:58:11Z" finished-at="2021-02-08T11:58:15Z">
      <class name="suitea.TestAA">
        <test-method status="PASS" signature="init(org.testng.ITestContext, org.testng.ITestResult)[pri:0, instance:suitea.TestAA@369f73a2]" name="init" is-config="true" duration-ms="1" started-at="2021-02-08T11:58:11Z" finished-at="2021-02-08T11:58:11Z">
          <params>
            <param index="0">
              <value>
                <![CDATA[org.testng.TestRunner@290222c1]]>
              </value>
            </param>
            <param index="1">
              <value>
                <![CDATA[[TestResult name=testAA status=SUCCESS method=TestAA.testAA(java.lang.String, java.lang.String, java.lang.String)[pri:0, instance:suitea.TestAA@369f73a2] output={null}]]]>
              </value>
            </param>
          </params>
          <reporter-output>
          </reporter-output>
        </test-method> <!-- init -->
        <test-method status="PASS" signature="testAA(java.lang.String, java.lang.String, java.lang.String)[pri:0, instance:suitea.TestAA@369f73a2]" name="testAA" duration-ms="2004" started-at="2021-02-08T11:58:11Z" data-provider="dataSuitA" finished-at="2021-02-08T11:58:13Z">
          <params>
            <param index="0">
              <value>
                <![CDATA[chrome]]>
              </value>
            </param>
            <param index="1">
              <value>
                <![CDATA[Uname]]>
              </value>
            </param>
            <param index="2">
              <value>
                <![CDATA[Pass]]>
              </value>
            </param>
          </params>
          <reporter-output>
          </reporter-output>
        </test-method> <!-- testAA -->
        <test-method status="PASS" signature="quit()[pri:0, instance:suitea.TestAA@369f73a2]" name="quit" is-config="true" duration-ms="46" started-at="2021-02-08T11:58:13Z" finished-at="2021-02-08T11:58:13Z">
          <reporter-output>
          </reporter-output>
        </test-method> <!-- quit -->
        <test-method status="PASS" signature="init(org.testng.ITestContext, org.testng.ITestResult)[pri:0, instance:suitea.TestAA@369f73a2]" name="init" is-config="true" duration-ms="1" started-at="2021-02-08T11:58:13Z" finished-at="2021-02-08T11:58:13Z">
          <params>
            <param index="0">
              <value>
                <![CDATA[org.testng.TestRunner@290222c1]]>
              </value>
            </param>
            <param index="1">
              <value>
                <![CDATA[[TestResult name=testAA status=SUCCESS method=TestAA.testAA(java.lang.String, java.lang.String, java.lang.String)[pri:0, instance:suitea.TestAA@369f73a2] output={null}]]]>
              </value>
            </param>
          </params>
          <reporter-output>
          </reporter-output>
        </test-method> <!-- init -->
        <test-method status="PASS" signature="testAA(java.lang.String, java.lang.String, java.lang.String)[pri:0, instance:suitea.TestAA@369f73a2]" name="testAA" duration-ms="2001" started-at="2021-02-08T11:58:13Z" data-provider="dataSuitA" finished-at="2021-02-08T11:58:15Z">
          <params>
            <param index="0">
              <value>
                <![CDATA[mozilla]]>
              </value>
            </param>
            <param index="1">
              <value>
                <![CDATA[U2]]>
              </value>
            </param>
            <param index="2">
              <value>
                <![CDATA[P2]]>
              </value>
            </param>
          </params>
          <reporter-output>
          </reporter-output>
        </test-method> <!-- testAA -->
        <test-method status="PASS" signature="quit()[pri:0, instance:suitea.TestAA@369f73a2]" name="quit" is-config="true" duration-ms="58" started-at="2021-02-08T11:58:15Z" finished-at="2021-02-08T11:58:15Z">
          <reporter-output>
          </reporter-output>
        </test-method> <!-- quit -->
      </class> <!-- suitea.TestAA -->
    </test> <!-- Test AA -->
  </suite> <!-- Suite (0) -->
  <suite name="Suite C" duration-ms="4115" started-at="2021-02-08T11:58:21Z" finished-at="2021-02-08T11:58:25Z">
    <groups>
      <group name="browsergroup2">
        <method signature="TestC.testC(org.testng.ITestContext)[pri:0, instance:suitec.TestC@3701eaf6]" name="testC" class="suitec.TestC"/>
        <method signature="TestCC.testCC()[pri:0, instance:suitec.TestCC@6ebc05a6]" name="testCC" class="suitec.TestCC"/>
      </group> <!-- browsergroup2 -->
      <group name="smoke">
        <method signature="TestC.testC(org.testng.ITestContext)[pri:0, instance:suitec.TestC@3701eaf6]" name="testC" class="suitec.TestC"/>
        <method signature="TestCC.testCC()[pri:0, instance:suitec.TestCC@6ebc05a6]" name="testCC" class="suitec.TestCC"/>
      </group> <!-- smoke -->
      <group name="sanity">
        <method signature="TestCC.testCC()[pri:0, instance:suitec.TestCC@6ebc05a6]" name="testCC" class="suitec.TestCC"/>
      </group> <!-- sanity -->
    </groups>
    <test name="Test C" duration-ms="2069" started-at="2021-02-08T11:58:21Z" finished-at="2021-02-08T11:58:23Z">
      <class name="suitec.TestC">
        <test-method status="PASS" signature="init(org.testng.ITestContext, org.testng.ITestResult)[pri:0, instance:suitec.TestC@3701eaf6]" name="init" is-config="true" duration-ms="1" started-at="2021-02-08T11:58:21Z" finished-at="2021-02-08T11:58:21Z">
          <params>
            <param index="0">
              <value>
                <![CDATA[org.testng.TestRunner@1b2abca6]]>
              </value>
            </param>
            <param index="1">
              <value>
                <![CDATA[[TestResult name=testC status=SUCCESS method=TestC.testC(org.testng.ITestContext)[pri:0, instance:suitec.TestC@3701eaf6] output={null}]]]>
              </value>
            </param>
          </params>
          <reporter-output>
          </reporter-output>
        </test-method> <!-- init -->
        <test-method status="PASS" signature="testC(org.testng.ITestContext)[pri:0, instance:suitec.TestC@3701eaf6]" name="testC" duration-ms="2001" started-at="2021-02-08T11:58:21Z" finished-at="2021-02-08T11:58:23Z">
          <params>
            <param index="0">
              <value>
                <![CDATA[org.testng.TestRunner@1b2abca6]]>
              </value>
            </param>
          </params>
          <reporter-output>
          </reporter-output>
        </test-method> <!-- testC -->
        <test-method status="PASS" signature="quit()[pri:0, instance:suitec.TestC@3701eaf6]" name="quit" is-config="true" duration-ms="60" started-at="2021-02-08T11:58:23Z" finished-at="2021-02-08T11:58:23Z">
          <reporter-output>
          </reporter-output>
        </test-method> <!-- quit -->
      </class> <!-- suitec.TestC -->
    </test> <!-- Test C -->
    <test name="Test CC" duration-ms="2036" started-at="2021-02-08T11:58:23Z" finished-at="2021-02-08T11:58:25Z">
      <class name="suitec.TestCC">
        <test-method status="PASS" signature="testCC()[pri:0, instance:suitec.TestCC@6ebc05a6]" name="testCC" duration-ms="2000" started-at="2021-02-08T11:58:23Z" finished-at="2021-02-08T11:58:25Z">
          <reporter-output>
          </reporter-output>
        </test-method> <!-- testCC -->
        <test-method status="PASS" signature="init(org.testng.ITestContext, org.testng.ITestResult)[pri:0, instance:suitec.TestCC@6ebc05a6]" name="init" is-config="true" duration-ms="0" started-at="2021-02-08T11:58:23Z" finished-at="2021-02-08T11:58:23Z">
          <params>
            <param index="0">
              <value>
                <![CDATA[org.testng.TestRunner@67f639d3]]>
              </value>
            </param>
            <param index="1">
              <value>
                <![CDATA[[TestResult name=testCC status=SUCCESS method=TestCC.testCC()[pri:0, instance:suitec.TestCC@6ebc05a6] output={null}]]]>
              </value>
            </param>
          </params>
          <reporter-output>
          </reporter-output>
        </test-method> <!-- init -->
        <test-method status="PASS" signature="quit()[pri:0, instance:suitec.TestCC@6ebc05a6]" name="quit" is-config="true" duration-ms="30" started-at="2021-02-08T11:58:25Z" finished-at="2021-02-08T11:58:25Z">
          <reporter-output>
          </reporter-output>
        </test-method> <!-- quit -->
      </class> <!-- suitec.TestCC -->
    </test> <!-- Test CC -->
  </suite> <!-- Suite C -->
</testng-results>
