<?xml version="1.0" encoding="UTF-8"?>
<!-- Generated by org.testng.reporters.JUnitXMLReporter -->
<testsuite hostname="DESKTOP-50659SL" ignored="0" name="Test" tests="2" failures="2" timestamp="05 May 2021 15:58:15 GMT" time="0.112" errors="0">
  <testcase name="LoginTest" time="0.015" classname="testcases.assert_Methods">
    <failure type="java.lang.AssertionError" message="error msg expected [true] but found [false]">
      <![CDATA[java.lang.AssertionError: error msg expected [true] but found [false]
at testcases.assert_Methods.LoginTest(assert_Methods.java:15)
... Removed 28 stack frames]]>
    </failure>
  </testcase> <!-- LoginTest -->
  <testcase name="soft_assert" time="0.0" classname="testcases.assert_Methods">
    <failure type="java.lang.AssertionError" message="The following asserts failed:
	expected [XYZ] but found [ABC]">
      <![CDATA[java.lang.AssertionError: The following asserts failed:
expected [XYZ] but found [ABC]
at testcases.assert_Methods.soft_assert(assert_Methods.java:27)
... Removed 26 stack frames]]>
    </failure>
  </testcase> <!-- soft_assert -->
</testsuite> <!-- Test -->
