<?xml version="1.0" encoding="UTF-8"?>
<!-- Generated by org.testng.reporters.JUnitReportReporter -->
<testsuite skipped="1" hostname="DESKTOP-50659SL" name="testcase.radiff.session" tests="2" failures="0" timestamp="30 May 2021 08:14:35 GMT" time="44.528" errors="1">
  <testcase name="dologin" time="0.001" classname="testcase.radiff.session">
    <skipped/>
  </testcase> <!-- dologin -->
  <testcase name="beforeTest" time="44.527" classname="testcase.radiff.session">
    <error type="org.openqa.selenium.SessionNotCreatedException" message="session not created: This version of MSEdgeDriver only supports MSEdge version 88
Current browser version is 90.0.818.66 with binary path C:\Program Files (x86)\Microsoft\Edge\Application\msedge.exe
Build info: version: &#039;4.0.0-alpha-6&#039;, revision: &#039;5f43a29cfc&#039;
System info: host: &#039;DESKTOP-50659SL&#039;, ip: &#039;192.168.1.5&#039;, os.name: &#039;Windows 10&#039;, os.arch: &#039;amd64&#039;, os.version: &#039;10.0&#039;, java.version: &#039;1.8.0_271&#039;
Driver info: driver.version: EdgeDriver
remote stacktrace: Backtrace:
	Ordinal0 [0x00007FF6D053AF92+241554]
	GetHandleVerifier [0x00007FF6D0CACA88+2173368]
	GetHandleVerifier [0x00007FF6D0CD3829+2332505]
	GetHandleVerifier [0x00007FF6D0CCFC5B+2317195]
	GetHandleVerifier [0x00007FF6D0CC9BC9+2292473]
	GetHandleVerifier [0x00007FF6D0CFB760+2496144]
	GetHandleVerifier [0x00007FF6D0CF7A5F+2480527]
	GetHandleVerifier [0x00007FF6D0CD550A+2339898]
	GetHandleVerifier [0x00007FF6D0CD614B+2343035]
	Ordinal0 [0x00007FF6D0512D01+77057]
	GetHandleVerifier [0x00007FF6D0D3A351+2753153]
	GetHandleVerifier [0x00007FF6D0B1F8CF+546815]
	GetHandleVerifier [0x00007FF6D0D3ABF8+2755368]
	Ordinal0 [0x00007FF6D070DC7E+2153598]
	Ordinal0 [0x00007FF6D070CA74+2148980]
	Ordinal0 [0x00007FF6D05DD50E+906510]
	BaseThreadInitThunk [0x00007FF939497C24+20]
	RtlUserThreadStart [0x00007FF939B4D721+33]
">
      <![CDATA[org.openqa.selenium.SessionNotCreatedException: session not created: This version of MSEdgeDriver only supports MSEdge version 88
Current browser version is 90.0.818.66 with binary path C:\Program Files (x86)\Microsoft\Edge\Application\msedge.exe
Build info: version: '4.0.0-alpha-6', revision: '5f43a29cfc'
System info: host: 'DESKTOP-50659SL', ip: '192.168.1.5', os.name: 'Windows 10', os.arch: 'amd64', os.version: '10.0', java.version: '1.8.0_271'
Driver info: driver.version: EdgeDriver
remote stacktrace: Backtrace:
Ordinal0 [0x00007FF6D053AF92+241554]
GetHandleVerifier [0x00007FF6D0CACA88+2173368]
GetHandleVerifier [0x00007FF6D0CD3829+2332505]
GetHandleVerifier [0x00007FF6D0CCFC5B+2317195]
GetHandleVerifier [0x00007FF6D0CC9BC9+2292473]
GetHandleVerifier [0x00007FF6D0CFB760+2496144]
GetHandleVerifier [0x00007FF6D0CF7A5F+2480527]
GetHandleVerifier [0x00007FF6D0CD550A+2339898]
GetHandleVerifier [0x00007FF6D0CD614B+2343035]
Ordinal0 [0x00007FF6D0512D01+77057]
GetHandleVerifier [0x00007FF6D0D3A351+2753153]
GetHandleVerifier [0x00007FF6D0B1F8CF+546815]
GetHandleVerifier [0x00007FF6D0D3ABF8+2755368]
Ordinal0 [0x00007FF6D070DC7E+2153598]
Ordinal0 [0x00007FF6D070CA74+2148980]
Ordinal0 [0x00007FF6D05DD50E+906510]
BaseThreadInitThunk [0x00007FF939497C24+20]
RtlUserThreadStart [0x00007FF939B4D721+33]

at sun.reflect.NativeConstructorAccessorImpl.newInstance0(Native Method)
at sun.reflect.NativeConstructorAccessorImpl.newInstance(NativeConstructorAccessorImpl.java:62)
at sun.reflect.DelegatingConstructorAccessorImpl.newInstance(DelegatingConstructorAccessorImpl.java:45)
at java.lang.reflect.Constructor.newInstance(Constructor.java:423)
at org.openqa.selenium.remote.W3CHandshakeResponse.lambda$errorHandler$0(W3CHandshakeResponse.java:62)
at org.openqa.selenium.remote.HandshakeResponse.lambda$getResponseFunction$0(HandshakeResponse.java:30)
at org.openqa.selenium.remote.ProtocolHandshake.lambda$createSession$1(ProtocolHandshake.java:126)
at java.util.stream.ReferencePipeline$3$1.accept(ReferencePipeline.java:193)
at java.util.Spliterators$ArraySpliterator.tryAdvance(Spliterators.java:958)
at java.util.stream.ReferencePipeline.forEachWithCancel(ReferencePipeline.java:126)
at java.util.stream.AbstractPipeline.copyIntoWithCancel(AbstractPipeline.java:499)
at java.util.stream.AbstractPipeline.copyInto(AbstractPipeline.java:486)
at java.util.stream.AbstractPipeline.wrapAndCopyInto(AbstractPipeline.java:472)
at java.util.stream.FindOps$FindOp.evaluateSequential(FindOps.java:152)
at java.util.stream.AbstractPipeline.evaluate(AbstractPipeline.java:234)
at java.util.stream.ReferencePipeline.findFirst(ReferencePipeline.java:464)
at org.openqa.selenium.remote.ProtocolHandshake.createSession(ProtocolHandshake.java:128)
at org.openqa.selenium.remote.ProtocolHandshake.createSession(ProtocolHandshake.java:75)
at org.openqa.selenium.remote.HttpCommandExecutor.execute(HttpCommandExecutor.java:138)
at org.openqa.selenium.remote.service.DriverCommandExecutor.execute(DriverCommandExecutor.java:83)
at org.openqa.selenium.remote.RemoteWebDriver.execute(RemoteWebDriver.java:582)
at org.openqa.selenium.remote.RemoteWebDriver.startSession(RemoteWebDriver.java:216)
at org.openqa.selenium.remote.RemoteWebDriver.<init>(RemoteWebDriver.java:136)
at org.openqa.selenium.chromium.ChromiumDriver.<init>(ChromiumDriver.java:75)
at org.openqa.selenium.edge.EdgeDriver.<init>(EdgeDriver.java:111)
at org.openqa.selenium.edge.EdgeDriver.<init>(EdgeDriver.java:103)
at Keywords.Generic_Key.OpenBrowser(Generic_Key.java:87)
at Basetest.basetestcase.beforeTest(basetestcase.java:40)
at sun.reflect.NativeMethodAccessorImpl.invoke0(Native Method)
at sun.reflect.NativeMethodAccessorImpl.invoke(NativeMethodAccessorImpl.java:62)
at sun.reflect.DelegatingMethodAccessorImpl.invoke(DelegatingMethodAccessorImpl.java:43)
at java.lang.reflect.Method.invoke(Method.java:498)
at org.testng.internal.MethodInvocationHelper.invokeMethod(MethodInvocationHelper.java:124)
at org.testng.internal.MethodInvocationHelper.invokeMethodConsideringTimeout(MethodInvocationHelper.java:59)
at org.testng.internal.Invoker.invokeConfigurationMethod(Invoker.java:458)
at org.testng.internal.Invoker.invokeConfigurations(Invoker.java:222)
at org.testng.internal.Invoker.invokeConfigurations(Invoker.java:142)
at org.testng.TestRunner.beforeRun(TestRunner.java:529)
at org.testng.TestRunner.run(TestRunner.java:497)
at org.testng.SuiteRunner.runTest(SuiteRunner.java:455)
at org.testng.SuiteRunner.runSequentially(SuiteRunner.java:450)
at org.testng.SuiteRunner.privateRun(SuiteRunner.java:415)
at org.testng.SuiteRunner.run(SuiteRunner.java:364)
at org.testng.SuiteRunnerWorker.runSuite(SuiteRunnerWorker.java:52)
at org.testng.SuiteRunnerWorker.run(SuiteRunnerWorker.java:84)
at org.testng.TestNG.runSuitesSequentially(TestNG.java:1208)
at org.testng.TestNG.runSuitesLocally(TestNG.java:1137)
at org.testng.TestNG.runSuites(TestNG.java:1049)
at org.testng.TestNG.run(TestNG.java:1017)
at org.testng.remote.AbstractRemoteTestNG.run(AbstractRemoteTestNG.java:114)
at org.testng.remote.RemoteTestNG.initAndRun(RemoteTestNG.java:251)
at org.testng.remote.RemoteTestNG.main(RemoteTestNG.java:77)
]]>
    </error>
  </testcase> <!-- beforeTest -->
</testsuite> <!-- testcase.radiff.session -->
