<?xml version="1.0" encoding="UTF-8"?>
<!-- Generated by org.testng.reporters.JUnitXMLReporter -->
<testsuite hostname="DESKTOP-50659SL" ignored="0" name="Test A" tests="2" failures="2" timestamp="08 Feb 2021 11:58:11 GMT" time="4.889" errors="0">
  <testcase name="testA" time="2.02" classname="suitea.TestA">
    <failure type="java.lang.AssertionError" message="The following asserts failed:
	do not match">
      <![CDATA[java.lang.AssertionError: The following asserts failed:
do not match
at suitea.TestA.testA(TestA.java:32)
... Removed 27 stack frames]]>
    </failure>
  </testcase> <!-- testA -->
  <testcase name="testA" time="2.005" classname="suitea.TestA">
    <failure type="java.lang.AssertionError" message="The following asserts failed:
	do not match">
      <![CDATA[java.lang.AssertionError: The following asserts failed:
do not match
at suitea.TestA.testA(TestA.java:32)
... Removed 27 stack frames]]>
    </failure>
  </testcase> <!-- testA -->
</testsuite> <!-- Test A -->
