<?xml version="1.0" encoding="UTF-8"?>
<!-- Generated by org.testng.reporters.JUnitXMLReporter -->
<testsuite hostname="DESKTOP-50659SL" ignored="0" name="Test" tests="3" failures="2" timestamp="08 Feb 2021 06:46:09 GMT" time="4.821" errors="0">
  <testcase name="testA" time="2.016" classname="suitea.TestA">
    <failure type="java.lang.AssertionError" message="The following asserts failed:
	do not match">
      <![CDATA[java.lang.AssertionError: The following asserts failed:
do not match
at suitea.TestA.testA(TestA.java:31)
... Removed 27 stack frames]]>
    </failure>
  </testcase> <!-- testA -->
  <testcase name="testA" time="2.031" classname="suitea.TestA">
    <failure type="java.lang.AssertionError" message="The following asserts failed:
	do not match">
      <![CDATA[java.lang.AssertionError: The following asserts failed:
do not match
at suitea.TestA.testA(TestA.java:31)
... Removed 27 stack frames]]>
    </failure>
  </testcase> <!-- testA -->
  <testcase name="testAA" time="0.0" classname="suitea.TestAA">
    <skipped/>
  </testcase> <!-- testAA -->
</testsuite> <!-- Test -->
