<?xml version="1.0" encoding="UTF-8"?>
<!-- Generated by org.testng.reporters.JUnitXMLReporter -->
<testsuite hostname="DESKTOP-50659SL" ignored="0" name="Test" tests="7" failures="1" timestamp="27 Jan 2021 14:58:32 GMT" time="0.161" errors="0">
  <testcase name="again" time="0.008" classname="suitA.Advance_feture"/>
  <testcase name="again1" time="0.004" classname="suitA.Advance_feture"/>
  <testcase name="loggout" time="0.0" classname="suitA.Advance_feture"/>
  <testcase name="login" time="0.0" classname="suitA.Advance_feture"/>
  <testcase name="search" time="0.0" classname="suitA.begining"/>
  <testcase name="phone" time="0.031" classname="suitA.begining"/>
  <testcase name="dologin" time="0.016" classname="suitA.begining">
    <failure type="java.lang.AssertionError" message="The following asserts failed:
	expected [XYZ] but found [ABC],
	error expected [true] but found [false]">
      <![CDATA[java.lang.AssertionError: The following asserts failed:
expected [XYZ] but found [ABC],
error expected [true] but found [false]
at suitA.begining.dologin(begining.java:38)
... Removed 27 stack frames]]>
    </failure>
  </testcase> <!-- dologin -->
</testsuite> <!-- Test -->
