<?xml version="1.0" encoding="UTF-8"?>
<!-- Generated by org.testng.reporters.JUnitXMLReporter -->
<testsuite hostname="DESKTOP-50659SL" ignored="0" name="Test" tests="7" failures="1" timestamp="26 Jan 2021 15:59:33 GMT" time="0.176" errors="0">
  <testcase name="again" time="0.008" classname="suitA.Advance_feture"/>
  <testcase name="again1" time="0.0" classname="suitA.Advance_feture"/>
  <testcase name="loggout" time="0.008" classname="suitA.Advance_feture"/>
  <testcase name="login" time="0.008" classname="suitA.Advance_feture"/>
  <testcase name="search" time="0.008" classname="suitA.begining"/>
  <testcase name="phone" time="0.016" classname="suitA.begining"/>
  <testcase name="dologin" time="0.008" classname="suitA.begining">
    <failure type="java.lang.AssertionError" message="The following asserts failed:
	expected [XYZ] but found [ABC],
	error expected [true] but found [false]">
      <![CDATA[java.lang.AssertionError: The following asserts failed:
expected [XYZ] but found [ABC],
error expected [true] but found [false]
at suitA.begining.dologin(begining.java:38)
... Removed 26 stack frames]]>
    </failure>
  </testcase> <!-- dologin -->
</testsuite> <!-- Test -->
