<?xml version="1.0" encoding="UTF-8"?>
<!-- Generated by org.testng.reporters.JUnitXMLReporter -->
<testsuite hostname="DESKTOP-50659SL" ignored="7" name="Create Portfolio Test" tests="4" failures="2" timestamp="05 Apr 2021 07:06:51 GMT" time="43.107" errors="0">
  <testcase name="dologin" time="24.011" classname="testcase.radiff.session"/>
  <testcase name="create_portfolio" time="10.344" classname="testcase.radiff.portfolio_mgmt"/>
  <testcase name="add_FreshStock" time="1.267" classname="testcase.radiff.Stock_mgmt">
    <failure type="org.openqa.selenium.ElementClickInterceptedException" message="element click intercepted: Element &amp;lt;input type=&amp;quot;button&amp;quot; class=&amp;quot;btnLftGrySml&amp;quot; style=&amp;quot;width:110px;&amp;quot; name=&amp;quot;+ Add Stock&amp;quot; title=&amp;quot;+ Add Stock&amp;quot; value=&amp;quot;+ Add Stock&amp;quot; id=&amp;quot;addStock&amp;quot;&amp;gt; is not clickable at point (318, 605). Other element would receive the click: &amp;lt;div id=&amp;quot;MainDv&amp;quot; class=&amp;quot;MainDv&amp;quot; style=&amp;quot;display: block; height: 1212px; width: 100%;&amp;quot;&amp;gt;&amp;lt;/div&amp;gt;
  (Session info: MicrosoftEdge=89.0.774.68)
Build info: version: &amp;apos;4.0.0-alpha-6&amp;apos;, revision: &amp;apos;5f43a29cfc&amp;apos;
System info: host: &amp;apos;DESKTOP-50659SL&amp;apos;, ip: &amp;apos;192.168.1.10&amp;apos;, os.name: &amp;apos;Windows 10&amp;apos;, os.arch: &amp;apos;amd64&amp;apos;, os.version: &amp;apos;10.0&amp;apos;, java.version: &amp;apos;1.8.0_271&amp;apos;
Driver info: org.openqa.selenium.edge.EdgeDriver
Capabilities {acceptInsecureCerts: false, browserName: msedge, browserVersion: 89.0.774.68, javascriptEnabled: true, ms:edgeOptions: {debuggerAddress: localhost:50524}, msedge: {msedgedriverVersion: 88.0.705.63 (8c4f595b655cf8..., userDataDir: C:\Users\Mallika\AppData\Lo...}, networkConnectionEnabled: false, pageLoadStrategy: normal, platform: WINDOWS, platformName: WINDOWS, proxy: Proxy(), setWindowRect: true, strictFileInteractability: false, timeouts: {implicit: 0, pageLoad: 300000, script: 30000}, unhandledPromptBehavior: dismiss and notify, webauthn:extension:largeBlob: true, webauthn:virtualAuthenticators: true}
Session ID: d1bcca0470058693c099e9e6054970ef">
      <![CDATA[org.openqa.selenium.ElementClickInterceptedException: element click intercepted: Element <input type="button" class="btnLftGrySml" style="width:110px;" name="+ Add Stock" title="+ Add Stock" value="+ Add Stock" id="addStock"> is not clickable at point (318, 605). Other element would receive the click: <div id="MainDv" class="MainDv" style="display: block; height: 1212px; width: 100%;"></div>
  (Session info: MicrosoftEdge=89.0.774.68)
Build info: version: '4.0.0-alpha-6', revision: '5f43a29cfc'
System info: host: 'DESKTOP-50659SL', ip: '192.168.1.10', os.name: 'Windows 10', os.arch: 'amd64', os.version: '10.0', java.version: '1.8.0_271'
Driver info: org.openqa.selenium.edge.EdgeDriver
Capabilities {acceptInsecureCerts: false, browserName: msedge, browserVersion: 89.0.774.68, javascriptEnabled: true, ms:edgeOptions: {debuggerAddress: localhost:50524}, msedge: {msedgedriverVersion: 88.0.705.63 (8c4f595b655cf8..., userDataDir: C:\Users\Mallika\AppData\Lo...}, networkConnectionEnabled: false, pageLoadStrategy: normal, platform: WINDOWS, platformName: WINDOWS, proxy: Proxy(), setWindowRect: true, strictFileInteractability: false, timeouts: {implicit: 0, pageLoad: 300000, script: 30000}, unhandledPromptBehavior: dismiss and notify, webauthn:extension:largeBlob: true, webauthn:virtualAuthenticators: true}
Session ID: d1bcca0470058693c099e9e6054970ef
at org.openqa.selenium.remote.codec.w3c.W3CHttpResponseCodec.createException(W3CHttpResponseCodec.java:196)
at org.openqa.selenium.remote.codec.w3c.W3CHttpResponseCodec.decode(W3CHttpResponseCodec.java:129)
at org.openqa.selenium.remote.codec.w3c.W3CHttpResponseCodec.decode(W3CHttpResponseCodec.java:53)
at org.openqa.selenium.remote.HttpCommandExecutor.execute(HttpCommandExecutor.java:160)
at org.openqa.selenium.remote.service.DriverCommandExecutor.execute(DriverCommandExecutor.java:83)
at org.openqa.selenium.remote.RemoteWebDriver.execute(RemoteWebDriver.java:582)
at org.openqa.selenium.remote.RemoteWebElement.execute(RemoteWebElement.java:316)
at org.openqa.selenium.remote.RemoteWebElement.click(RemoteWebElement.java:85)
at Keywords.Generic_Key.click(Generic_Key.java:105)
at testcase.radiff.Stock_mgmt.add_FreshStock(Stock_mgmt.java:22)
... Removed 29 stack frames]]>
    </failure>
  </testcase> <!-- add_FreshStock -->
  <testcase name="verify_stockPresent" time="0.004" classname="testcase.radiff.Stock_mgmt">
    <failure type="java.lang.NullPointerException">
      <![CDATA[java.lang.NullPointerException
at org.openqa.selenium.remote.RemoteWebDriver.findElement(RemoteWebDriver.java:325)
at Keywords.Generic_Key.getElement(Generic_Key.java:135)
at Keywords.Generic_Key.getRowNumwithCellData(Generic_Key.java:263)
at testcase.radiff.Stock_mgmt.verify_stockPresent(Stock_mgmt.java:77)
... Removed 25 stack frames]]>
    </failure>
  </testcase> <!-- verify_stockPresent -->
  <testcase name="verifyStock_quantity" time="0.0" classname="testcase.radiff.Stock_mgmt">
    <ignored/>
  </testcase> <!-- verifyStock_quantity -->
  <testcase name="@BeforeTest beforeTest" time="0.0" classname="Basetest.basetestcase">
    <ignored/>
  </testcase> <!-- @BeforeTest beforeTest -->
  <testcase name="@BeforeTest beforeTest" time="0.0" classname="Basetest.basetestcase">
    <ignored/>
  </testcase> <!-- @BeforeTest beforeTest -->
  <testcase name="Modify_stock" time="0.0" classname="testcase.radiff.Stock_mgmt">
    <ignored/>
  </testcase> <!-- Modify_stock -->
  <testcase name="@AfterTest quit" time="0.0" classname="Basetest.basetestcase">
    <ignored/>
  </testcase> <!-- @AfterTest quit -->
  <testcase name="@AfterTest quit" time="0.0" classname="Basetest.basetestcase">
    <ignored/>
  </testcase> <!-- @AfterTest quit -->
  <testcase name="verifyTransactionHistory" time="0.0" classname="testcase.radiff.Stock_mgmt">
    <ignored/>
  </testcase> <!-- verifyTransactionHistory -->
</testsuite> <!-- Create Portfolio Test -->
